[debug] [2021-02-17T16:41:37.867Z] ----------------------------------------------------------------------
[debug] [2021-02-17T16:41:37.869Z] Command:       C:\Program Files\nodejs\node.exe C:\Users\Administrador\AppData\Roaming\npm\node_modules\firebase-tools\lib\bin\firebase.js emulators:start
[debug] [2021-02-17T16:41:37.869Z] CLI Version:   9.2.2
[debug] [2021-02-17T16:41:37.869Z] Platform:      win32
[debug] [2021-02-17T16:41:37.869Z] Node Version:  v14.15.0
[debug] [2021-02-17T16:41:37.870Z] Time:          Wed Feb 17 2021 13:41:37 GMT-0300 (hora estándar de Argentina)
[debug] [2021-02-17T16:41:37.871Z] ----------------------------------------------------------------------
[debug] [2021-02-17T16:41:37.871Z] 
[debug] [2021-02-17T16:41:37.878Z] > command requires scopes: ["email","openid","https://www.googleapis.com/auth/cloudplatformprojects.readonly","https://www.googleapis.com/auth/firebase","https://www.googleapis.com/auth/cloud-platform"]
[debug] [2021-02-17T16:41:37.878Z] > authorizing via signed-in user
[info] i  emulators: Starting emulators: auth, functions, firestore, hosting {"metadata":{"emulator":{"name":"hub"},"message":"Starting emulators: auth, functions, firestore, hosting"}}
[warn] !  emulators: It seems that you are running multiple instances of the emulator suite for project comfecoapp-68a9c. This may result in unexpected behavior. 
[debug] [2021-02-17T16:41:37.907Z] [hub] writing locator at C:\Users\ADMINI~1\AppData\Local\Temp\hub-comfecoapp-68a9c.json
[warn] !  functions: The following emulators are not running, calls to these services from the Functions emulator will affect production: database, pubsub {"metadata":{"emulator":{"name":"functions"},"message":"The following emulators are not running, calls to these services from the Functions emulator will affect production: \u001b[1mdatabase, pubsub\u001b[22m"}}
[warn] !  Your requested "node" version "12" doesn't match your global version "14" {"metadata":{"emulator":{"name":"functions"},"message":"Your requested \"node\" version \"12\" doesn't match your global version \"14\""}}
[debug] [2021-02-17T16:41:37.933Z] defaultcredentials: writing to file C:\Users\Administrador\AppData\Roaming\firebase\pminkevich_gmail_com_application_default_credentials.json
[debug] [2021-02-17T16:41:37.934Z] Setting GAC to C:\Users\Administrador\AppData\Roaming\firebase\pminkevich_gmail_com_application_default_credentials.json {"metadata":{"emulator":{"name":"functions"},"message":"Setting GAC to C:\\Users\\Administrador\\AppData\\Roaming\\firebase\\pminkevich_gmail_com_application_default_credentials.json"}}
[debug] [2021-02-17T16:41:37.938Z] > refreshing access token with scopes: []
[debug] [2021-02-17T16:41:37.938Z] >>> HTTP REQUEST POST https://www.googleapis.com/oauth2/v3/token  
 <request body omitted>
[debug] [2021-02-17T16:41:38.101Z] <<< HTTP RESPONSE 200 {"expires":"Mon, 01 Jan 1990 00:00:00 GMT","pragma":"no-cache","cache-control":"no-cache, no-store, max-age=0, must-revalidate","date":"Wed, 17 Feb 2021 16:41:36 GMT","content-type":"application/json; charset=utf-8","vary":"X-Origin, Referer, Origin,Accept-Encoding","server":"scaffolding on HTTPServer2","x-xss-protection":"0","x-frame-options":"SAMEORIGIN","x-content-type-options":"nosniff","alt-svc":"h3-29=\":443\"; ma=2592000,h3-T051=\":443\"; ma=2592000,h3-Q050=\":443\"; ma=2592000,h3-Q046=\":443\"; ma=2592000,h3-Q043=\":443\"; ma=2592000,quic=\":443\"; ma=2592000; v=\"46,43\"","accept-ranges":"none","transfer-encoding":"chunked"}
[debug] [2021-02-17T16:41:38.107Z] >>> [apiv2][query] GET https://firebase.googleapis.com/v1beta1/projects/comfecoapp-68a9c/adminSdkConfig [none]
[debug] [2021-02-17T16:41:39.122Z] <<< [apiv2][status] GET https://firebase.googleapis.com/v1beta1/projects/comfecoapp-68a9c/adminSdkConfig 200
[debug] [2021-02-17T16:41:39.122Z] <<< [apiv2][body] GET https://firebase.googleapis.com/v1beta1/projects/comfecoapp-68a9c/adminSdkConfig {"projectId":"comfecoapp-68a9c","storageBucket":"comfecoapp-68a9c.appspot.com","locationId":"us-east1"}
[debug] [2021-02-17T16:41:39.140Z] Ignoring unsupported arg: projectId {"metadata":{"emulator":{"name":"firestore"},"message":"Ignoring unsupported arg: projectId"}}
[debug] [2021-02-17T16:41:39.140Z] Ignoring unsupported arg: auto_download {"metadata":{"emulator":{"name":"firestore"},"message":"Ignoring unsupported arg: auto_download"}}
[debug] [2021-02-17T16:41:39.140Z] Starting Firestore Emulator with command {"binary":"java","args":["-Dgoogle.cloud_firestore.debug_log_level=FINE","-Duser.language=en","-jar","C:\\Users\\Administrador\\.cache\\firebase\\emulators\\cloud-firestore-emulator-v1.11.12.jar","--host","localhost","--port",8080,"--rules","C:\\Users\\Administrador\\Desktop\\evento\\RepoComfeco\\firestore.rules","--functions_emulator","localhost:5001"],"optionalArgs":["port","webchannel_port","host","rules","functions_emulator","seed_from_export"],"joinArgs":false} {"metadata":{"emulator":{"name":"firestore"},"message":"Starting Firestore Emulator with command {\"binary\":\"java\",\"args\":[\"-Dgoogle.cloud_firestore.debug_log_level=FINE\",\"-Duser.language=en\",\"-jar\",\"C:\\\\Users\\\\Administrador\\\\.cache\\\\firebase\\\\emulators\\\\cloud-firestore-emulator-v1.11.12.jar\",\"--host\",\"localhost\",\"--port\",8080,\"--rules\",\"C:\\\\Users\\\\Administrador\\\\Desktop\\\\evento\\\\RepoComfeco\\\\firestore.rules\",\"--functions_emulator\",\"localhost:5001\"],\"optionalArgs\":[\"port\",\"webchannel_port\",\"host\",\"rules\",\"functions_emulator\",\"seed_from_export\"],\"joinArgs\":false}"}}
[info] i  firestore: Firestore Emulator logging to firestore-debug.log {"metadata":{"emulator":{"name":"firestore"},"message":"Firestore Emulator logging to \u001b[1mfirestore-debug.log\u001b[22m"}}
[debug] [2021-02-17T16:41:40.264Z] API endpoint: http://localhost: {"metadata":{"emulator":{"name":"firestore"},"message":"API endpoint: http://localhost:"}}
[debug] [2021-02-17T16:41:40.264Z] 8080
If you are using a library that supports the FIRESTORE_EMULATOR_HOST environment variable, run:

   export FIRESTORE_EMULATOR_HOST=localhost:8080

Dev App Server is now running.

 {"metadata":{"emulator":{"name":"firestore"},"message":"8080\nIf you are using a library that supports the FIRESTORE_EMULATOR_HOST environment variable, run:\r\n\n   export FIRESTORE_EMULATOR_HOST=localhost:8080\n\nDev App Server is now running.\n\r\n"}}
[debug] [2021-02-17T16:41:43.134Z] >>> [apiv2][query] GET https://firebase.googleapis.com/v1beta1/projects/comfecoapp-68a9c/webApps/-/config [none]
[debug] [2021-02-17T16:41:43.293Z] Feb 17, 2021 1:41:43 PM io.gapi.emulators.netty.HttpVersionRoutingHandler channelRead
INFO: Detected non-HTTP/2 connection.
 {"metadata":{"emulator":{"name":"firestore"},"message":"Feb 17, 2021 1:41:43 PM io.gapi.emulators.netty.HttpVersionRoutingHandler channelRead\r\nINFO: Detected non-HTTP/2 connection.\r\n"}}
[debug] [2021-02-17T16:41:43.684Z] <<< [apiv2][status] GET https://firebase.googleapis.com/v1beta1/projects/comfecoapp-68a9c/webApps/-/config 200
[debug] [2021-02-17T16:41:43.684Z] <<< [apiv2][body] GET https://firebase.googleapis.com/v1beta1/projects/comfecoapp-68a9c/webApps/-/config {"projectId":"comfecoapp-68a9c","appId":"1:809504707203:web:aa725934dc14b3acc941b6","storageBucket":"comfecoapp-68a9c.appspot.com","locationId":"us-east1","apiKey":"AIzaSyC1xxyU-vKXLXPBITw44jSsDIPSzHfAsN4","authDomain":"comfecoapp-68a9c.firebaseapp.com","messagingSenderId":"809504707203"}
[info] i  hosting: Serving hosting files from: dist/ComfecoApp {"metadata":{"emulator":{"name":"hosting"},"message":"Serving hosting files from: \u001b[1mdist/ComfecoApp\u001b[22m"}}
[info] +  hosting: Local server: http://localhost:5000 {"metadata":{"emulator":{"name":"hosting"},"message":"Local server: \u001b[4m\u001b[1mhttp://localhost:5000\u001b[22m\u001b[24m"}}
[debug] [2021-02-17T16:41:43.985Z] Ignoring unsupported arg: auto_download {"metadata":{"emulator":{"name":"ui"},"message":"Ignoring unsupported arg: auto_download"}}
[debug] [2021-02-17T16:41:43.986Z] Ignoring unsupported arg: port {"metadata":{"emulator":{"name":"ui"},"message":"Ignoring unsupported arg: port"}}
[debug] [2021-02-17T16:41:43.986Z] Starting Emulator UI with command {"binary":"node","args":["C:\\Users\\Administrador\\.cache\\firebase\\emulators\\ui-v1.4.1\\server.bundle.js"],"optionalArgs":[],"joinArgs":false} {"metadata":{"emulator":{"name":"ui"},"message":"Starting Emulator UI with command {\"binary\":\"node\",\"args\":[\"C:\\\\Users\\\\Administrador\\\\.cache\\\\firebase\\\\emulators\\\\ui-v1.4.1\\\\server.bundle.js\"],\"optionalArgs\":[],\"joinArgs\":false}"}}
[info] i  ui: Emulator UI logging to ui-debug.log {"metadata":{"emulator":{"name":"ui"},"message":"Emulator UI logging to \u001b[1mui-debug.log\u001b[22m"}}
[debug] [2021-02-17T16:41:44.114Z] Web / API server started at http://localhost:5004
 {"metadata":{"emulator":{"name":"ui"},"message":"Web / API server started at http://localhost:5004\n"}}
[info] i  functions: Watching "C:\Users\Administrador\Desktop\evento\RepoComfeco\functions" for Cloud Functions... {"metadata":{"emulator":{"name":"functions"},"message":"Watching \"C:\\Users\\Administrador\\Desktop\\evento\\RepoComfeco\\functions\" for Cloud Functions..."}}
[debug] [2021-02-17T16:41:44.261Z] [worker-pool] addWorker(~diagnostic~) {"metadata":{"emulator":{"name":"functions"},"message":"[worker-pool] addWorker(~diagnostic~)"}}
[debug] [2021-02-17T16:41:44.261Z] [worker-pool] Adding worker with key ~diagnostic~, total=1 {"metadata":{"emulator":{"name":"functions"},"message":"[worker-pool] Adding worker with key ~diagnostic~, total=1"}}
[debug] [2021-02-17T16:41:44.261Z] [worker-pool] submitWork(triggerId=) {"metadata":{"emulator":{"name":"functions"},"message":"[worker-pool] submitWork(triggerId=)"}}
[debug] [2021-02-17T16:41:44.262Z] [worker-~diagnostic~-a4650430-ed4d-4baf-b52b-1390fc903ba7]: Assigning socketPath: \\?\pipe\C:\Users\Administrador\Desktop\evento\RepoComfeco\functions\3356 {"metadata":{"emulator":{"name":"functions"},"message":"[worker-~diagnostic~-a4650430-ed4d-4baf-b52b-1390fc903ba7]: Assigning socketPath: \\\\?\\pipe\\C:\\Users\\Administrador\\Desktop\\evento\\RepoComfeco\\functions\\3356"}}
[debug] [2021-02-17T16:41:44.262Z] [worker-~diagnostic~-a4650430-ed4d-4baf-b52b-1390fc903ba7]: BUSY {"metadata":{"emulator":{"name":"functions"},"message":"[worker-~diagnostic~-a4650430-ed4d-4baf-b52b-1390fc903ba7]: BUSY"}}
[debug] [2021-02-17T16:41:44.478Z] [runtime-status] [3356] Functions runtime initialized. {"cwd":"C:\\Users\\Administrador\\Desktop\\evento\\RepoComfeco\\functions","node_version":"14.15.0"} {"metadata":{"emulator":{"name":"functions"},"message":"[runtime-status] [3356] Functions runtime initialized. {\"cwd\":\"C:\\\\Users\\\\Administrador\\\\Desktop\\\\evento\\\\RepoComfeco\\\\functions\",\"node_version\":\"14.15.0\"}"}}
[debug] [2021-02-17T16:41:44.479Z] [runtime-status] [3356] Disabled runtime features: undefined {"metadata":{"emulator":{"name":"functions"},"message":"[runtime-status] [3356] Disabled runtime features: undefined"}}
[debug] [2021-02-17T16:41:44.482Z] [runtime-status] [3356] Resolved module firebase-admin {"declared":true,"installed":true,"version":"9.5.0","resolution":"C:\\Users\\Administrador\\Desktop\\evento\\RepoComfeco\\functions\\node_modules\\firebase-admin\\lib\\index.js"} {"metadata":{"emulator":{"name":"functions"},"message":"[runtime-status] [3356] Resolved module firebase-admin {\"declared\":true,\"installed\":true,\"version\":\"9.5.0\",\"resolution\":\"C:\\\\Users\\\\Administrador\\\\Desktop\\\\evento\\\\RepoComfeco\\\\functions\\\\node_modules\\\\firebase-admin\\\\lib\\\\index.js\"}"}}
[debug] [2021-02-17T16:41:44.484Z] [runtime-status] [3356] Resolved module firebase-functions {"declared":true,"installed":true,"version":"3.13.1","resolution":"C:\\Users\\Administrador\\Desktop\\evento\\RepoComfeco\\functions\\node_modules\\firebase-functions\\lib\\index.js"} {"metadata":{"emulator":{"name":"functions"},"message":"[runtime-status] [3356] Resolved module firebase-functions {\"declared\":true,\"installed\":true,\"version\":\"3.13.1\",\"resolution\":\"C:\\\\Users\\\\Administrador\\\\Desktop\\\\evento\\\\RepoComfeco\\\\functions\\\\node_modules\\\\firebase-functions\\\\lib\\\\index.js\"}"}}
[debug] [2021-02-17T16:41:44.485Z] [runtime-status] [3356] Resolved module firebase-functions {"declared":true,"installed":true,"version":"3.13.1","resolution":"C:\\Users\\Administrador\\Desktop\\evento\\RepoComfeco\\functions\\node_modules\\firebase-functions\\lib\\index.js"} {"metadata":{"emulator":{"name":"functions"},"message":"[runtime-status] [3356] Resolved module firebase-functions {\"declared\":true,\"installed\":true,\"version\":\"3.13.1\",\"resolution\":\"C:\\\\Users\\\\Administrador\\\\Desktop\\\\evento\\\\RepoComfeco\\\\functions\\\\node_modules\\\\firebase-functions\\\\lib\\\\index.js\"}"}}
[debug] [2021-02-17T16:41:44.487Z] [runtime-status] [3356] Outgoing network have been stubbed. [{"name":"http","status":"mocked"},{"name":"http","status":"mocked"},{"name":"https","status":"mocked"},{"name":"https","status":"mocked"},{"name":"net","status":"mocked"}] {"metadata":{"emulator":{"name":"functions"},"message":"[runtime-status] [3356] Outgoing network have been stubbed. [{\"name\":\"http\",\"status\":\"mocked\"},{\"name\":\"http\",\"status\":\"mocked\"},{\"name\":\"https\",\"status\":\"mocked\"},{\"name\":\"https\",\"status\":\"mocked\"},{\"name\":\"net\",\"status\":\"mocked\"}]"}}
[debug] [2021-02-17T16:41:44.487Z] [runtime-status] [3356] Resolved module firebase-functions {"declared":true,"installed":true,"version":"3.13.1","resolution":"C:\\Users\\Administrador\\Desktop\\evento\\RepoComfeco\\functions\\node_modules\\firebase-functions\\lib\\index.js"} {"metadata":{"emulator":{"name":"functions"},"message":"[runtime-status] [3356] Resolved module firebase-functions {\"declared\":true,\"installed\":true,\"version\":\"3.13.1\",\"resolution\":\"C:\\\\Users\\\\Administrador\\\\Desktop\\\\evento\\\\RepoComfeco\\\\functions\\\\node_modules\\\\firebase-functions\\\\lib\\\\index.js\"}"}}
[debug] [2021-02-17T16:41:44.552Z] [runtime-status] [3356] Checked functions.config() {"config":{}} {"metadata":{"emulator":{"name":"functions"},"message":"[runtime-status] [3356] Checked functions.config() {\"config\":{}}"}}
[debug] [2021-02-17T16:41:44.552Z] [runtime-status] [3356] firebase-functions has been stubbed. {"functionsResolution":{"declared":true,"installed":true,"version":"3.13.1","resolution":"C:\\Users\\Administrador\\Desktop\\evento\\RepoComfeco\\functions\\node_modules\\firebase-functions\\lib\\index.js"}} {"metadata":{"emulator":{"name":"functions"},"message":"[runtime-status] [3356] firebase-functions has been stubbed. {\"functionsResolution\":{\"declared\":true,\"installed\":true,\"version\":\"3.13.1\",\"resolution\":\"C:\\\\Users\\\\Administrador\\\\Desktop\\\\evento\\\\RepoComfeco\\\\functions\\\\node_modules\\\\firebase-functions\\\\lib\\\\index.js\"}}"}}
[debug] [2021-02-17T16:41:44.553Z] [runtime-status] [3356] Resolved module firebase-functions {"declared":true,"installed":true,"version":"3.13.1","resolution":"C:\\Users\\Administrador\\Desktop\\evento\\RepoComfeco\\functions\\node_modules\\firebase-functions\\lib\\index.js"} {"metadata":{"emulator":{"name":"functions"},"message":"[runtime-status] [3356] Resolved module firebase-functions {\"declared\":true,\"installed\":true,\"version\":\"3.13.1\",\"resolution\":\"C:\\\\Users\\\\Administrador\\\\Desktop\\\\evento\\\\RepoComfeco\\\\functions\\\\node_modules\\\\firebase-functions\\\\lib\\\\index.js\"}"}}
[debug] [2021-02-17T16:41:44.554Z] [runtime-status] [3356] Resolved module firebase-admin {"declared":true,"installed":true,"version":"9.5.0","resolution":"C:\\Users\\Administrador\\Desktop\\evento\\RepoComfeco\\functions\\node_modules\\firebase-admin\\lib\\index.js"} {"metadata":{"emulator":{"name":"functions"},"message":"[runtime-status] [3356] Resolved module firebase-admin {\"declared\":true,\"installed\":true,\"version\":\"9.5.0\",\"resolution\":\"C:\\\\Users\\\\Administrador\\\\Desktop\\\\evento\\\\RepoComfeco\\\\functions\\\\node_modules\\\\firebase-admin\\\\lib\\\\index.js\"}"}}
[debug] [2021-02-17T16:41:44.554Z] [runtime-status] [3356] Resolved module firebase-functions {"declared":true,"installed":true,"version":"3.13.1","resolution":"C:\\Users\\Administrador\\Desktop\\evento\\RepoComfeco\\functions\\node_modules\\firebase-functions\\lib\\index.js"} {"metadata":{"emulator":{"name":"functions"},"message":"[runtime-status] [3356] Resolved module firebase-functions {\"declared\":true,\"installed\":true,\"version\":\"3.13.1\",\"resolution\":\"C:\\\\Users\\\\Administrador\\\\Desktop\\\\evento\\\\RepoComfeco\\\\functions\\\\node_modules\\\\firebase-functions\\\\lib\\\\index.js\"}"}}
[debug] [2021-02-17T16:41:44.555Z] [runtime-status] [3356] firebase-admin has been stubbed. {"adminResolution":{"declared":true,"installed":true,"version":"9.5.0","resolution":"C:\\Users\\Administrador\\Desktop\\evento\\RepoComfeco\\functions\\node_modules\\firebase-admin\\lib\\index.js"}} {"metadata":{"emulator":{"name":"functions"},"message":"[runtime-status] [3356] firebase-admin has been stubbed. {\"adminResolution\":{\"declared\":true,\"installed\":true,\"version\":\"9.5.0\",\"resolution\":\"C:\\\\Users\\\\Administrador\\\\Desktop\\\\evento\\\\RepoComfeco\\\\functions\\\\node_modules\\\\firebase-admin\\\\lib\\\\index.js\"}}"}}
[info] 
┌─────────────────────────────────────────────────────────────┐
│ ✔  All emulators ready! It is now safe to connect your app. │
│ i  View Emulator UI at http://localhost:5004                │
└─────────────────────────────────────────────────────────────┘

┌────────────────┬────────────────┬─────────────────────────────────┐
│ Emulator       │ Host:Port      │ View in Emulator UI             │
├────────────────┼────────────────┼─────────────────────────────────┤
│ Authentication │ localhost:9099 │ http://localhost:5004/auth      │
├────────────────┼────────────────┼─────────────────────────────────┤
│ Functions      │ localhost:5001 │ http://localhost:5004/functions │
├────────────────┼────────────────┼─────────────────────────────────┤
│ Firestore      │ localhost:8080 │ http://localhost:5004/firestore │
├────────────────┼────────────────┼─────────────────────────────────┤
│ Hosting        │ localhost:5000 │ n/a                             │
└────────────────┴────────────────┴─────────────────────────────────┘
  Emulator Hub running at localhost:4400
  Other reserved ports: 4500

Issues? Report them at https://github.com/firebase/firebase-tools/issues and attach the *-debug.log files.
 
[debug] [2021-02-17T16:41:44.594Z] [worker-~diagnostic~-a4650430-ed4d-4baf-b52b-1390fc903ba7]: IDLE {"metadata":{"emulator":{"name":"functions"},"message":"[worker-~diagnostic~-a4650430-ed4d-4baf-b52b-1390fc903ba7]: IDLE"}}
